2025-07-31 01:05:42,453 - INFO - Starting IDS pipeline - Dataset: CIC_IDS, Mode: test
2025-07-31 01:05:42,476 - INFO - Loading CIC-IDS dataset...
2025-07-31 01:05:43,491 - INFO - Execution time for load_cic_ids_2017: 1.0143 seconds
2025-07-31 01:05:43,491 - INFO - Execution time for load_dataset: 1.0151 seconds
2025-07-31 01:06:01,710 - INFO - Execution time for select_features: 18.2174 seconds
2025-07-31 01:06:01,711 - INFO - Processing RandomForest...
2025-07-31 01:06:03,203 - INFO - Execution time for train_model: 1.4923 seconds
2025-07-31 01:06:04,209 - INFO - Execution time for evaluate_model: 0.8065 seconds
2025-07-31 01:07:47,962 - INFO - Processing SVM...
2025-07-31 01:07:48,296 - INFO - Execution time for train_model: 0.3332 seconds
2025-07-31 01:07:48,654 - INFO - Execution time for evaluate_model: 0.3541 seconds
2025-07-31 01:08:06,855 - INFO - Pipeline completed successfully.
2025-07-31 01:08:06,862 - INFO - Execution time for main: 144.4119 seconds
2025-07-31 01:42:04,251 - INFO - Starting IDS pipeline - Dataset: CIC_IDS, Mode: test
2025-07-31 01:42:04,281 - INFO - Loading CIC-IDS dataset...
2025-07-31 01:42:05,145 - INFO - Execution time for load_cic_ids_2017: 0.8637 seconds
2025-07-31 01:42:05,146 - INFO - Execution time for load_dataset: 0.8646 seconds
2025-07-31 01:42:22,291 - INFO - Execution time for select_features: 17.1446 seconds
2025-07-31 01:42:22,291 - INFO - Processing RandomForest...
2025-07-31 01:42:23,882 - INFO - Execution time for train_model: 1.5906 seconds
2025-07-31 01:42:24,656 - INFO - Execution time for evaluate_model: 0.6824 seconds
2025-08-17 09:11:25,093 - INFO - Starting IDS pipeline - Dataset: CIC_IDS, Mode: test
2025-08-17 09:11:25,106 - INFO - Starting load_dataset...
2025-08-17 09:11:25,110 - INFO - Loading CIC-IDS dataset...
2025-08-17 09:11:25,111 - INFO - Starting load_cic_ids_2017...
2025-08-17 09:11:26,514 - INFO - Completed load_cic_ids_2017 in 1.40 seconds
2025-08-17 09:11:26,517 - INFO - Completed load_dataset in 1.41 seconds
2025-08-17 09:11:26,528 - INFO - Starting select_features...
2025-08-17 09:11:54,283 - INFO - Completed select_features in 27.75 seconds
2025-08-17 09:11:54,285 - INFO - Processing RandomForest...
2025-08-17 09:11:54,289 - INFO - Starting train_model...
2025-08-17 09:11:55,962 - INFO - Completed train_model in 1.67 seconds
2025-08-17 09:11:56,059 - INFO - Starting evaluate_model...
2025-08-17 09:11:56,919 - INFO - Completed evaluate_model in 0.86 seconds
2025-08-17 09:14:02,467 - INFO - Processing SVM...
2025-08-17 09:14:02,468 - INFO - Starting train_model...
2025-08-17 09:14:02,681 - INFO - Completed train_model in 0.21 seconds
2025-08-17 09:14:02,686 - INFO - Starting evaluate_model...
2025-08-17 09:14:03,010 - INFO - Completed evaluate_model in 0.32 seconds
2025-08-17 09:14:26,342 - INFO - Pipeline completed successfully.
2025-08-17 09:14:26,352 - INFO - Completed main in 181.27 seconds
